<?xml version="1.0" encoding="UTF-8"?>
<!-- Generated by org.testng.reporters.JUnitReportReporter -->
<testsuite hostname="gabg4224" failures="0" tests="1" name="clases.Iframe" time="0.205" errors="0" timestamp="2025-05-19T15:25:29 ART" skipped="0">
  <testcase classname="clases.Iframe" name="validations_iframe_playwrite" time="0.205"/>
</testsuite> <!-- clases.Iframe -->
