<?xml version="1.0" encoding="UTF-8"?>
<!-- Generated by org.testng.reporters.JUnitReportReporter -->
<testsuite hostname="gabg4224" failures="0" tests="2" name="login.Test_login_page" time="39.750" errors="0" timestamp="2025-05-20T11:10:50 ART" skipped="0">
  <testcase classname="login.Test_login_page" name="Login_validation" time="5.715"/>
  <testcase classname="login.Test_login_page" name="Login_validation" time="34.035"/>
</testsuite> <!-- login.Test_login_page -->
