<?xml version="1.0" encoding="UTF-8"?>
<!-- Generated by org.testng.reporters.JUnitReportReporter -->
<testsuite hostname="gabg4224" failures="0" tests="2" name="login.Test_login_page2" time="39.233" errors="0" timestamp="2025-05-20T14:49:37 ART" skipped="0">
  <testcase classname="login.Test_login_page2" name="validate_login" time="4.893"/>
  <testcase classname="login.Test_login_page2" name="validate_login" time="34.340"/>
</testsuite> <!-- login.Test_login_page2 -->
