<?xml version="1.0" encoding="UTF-8"?>
<!-- Generated by org.testng.reporters.JUnitReportReporter -->
<testsuite hostname="gabg4224" failures="0" tests="2" name="login.Test_login_page" time="56.275" errors="0" timestamp="2025-05-21T17:36:31 ART" skipped="0">
  <testcase classname="login.Test_login_page" name="Login_validation" time="5.177"/>
  <testcase classname="login.Test_login_page" name="Login_validation" time="51.098"/>
</testsuite> <!-- login.Test_login_page -->
