<?xml version="1.0" encoding="UTF-8"?>
<!-- Generated by org.testng.reporters.JUnitReportReporter -->
<testsuite hostname="gabg4224" failures="0" tests="1" name="recruitment.Open_menu" time="26.267" errors="0" timestamp="2025-06-04T15:40:10 ART" skipped="0">
  <testcase classname="recruitment.Open_menu" name="add_vancacy" time="26.267"/>
</testsuite> <!-- recruitment.Open_menu -->
