<?xml version="1.0" encoding="UTF-8"?>
<!-- Generated by org.testng.reporters.JUnitReportReporter -->
<testsuite hostname="gabg4224" failures="0" tests="2" name="login.Test_login_page2" time="38.823" errors="0" timestamp="2025-05-20T12:51:59 ART" skipped="0">
  <testcase classname="login.Test_login_page2" name="validate_login" time="5.322"/>
  <testcase classname="login.Test_login_page2" name="validate_login" time="33.501"/>
</testsuite> <!-- login.Test_login_page2 -->
